<?xml version="1.0" encoding="UTF-8"?>
<testsuite xmlns:xsi="http://www.w3.org/2001/XMLSchema-instance" xsi:noNamespaceSchemaLocation="https://maven.apache.org/surefire/maven-surefire-plugin/xsd/surefire-test-report.xsd" name="test.bysix.ExerciseOneTest" time="0" tests="4" errors="0" skipped="0" failures="0">
  <properties>
[...]
</properties>
  <testcase name="testPrintNumbersWithNegativeMax" classname="test.bysix.ExerciseOneTest" time="0"/>
  <testcase name="testPrintNumbersWithMax15" classname="test.bysix.ExerciseOneTest" time="0"/>
  <testcase name="testPrintNumbersWithMax50" classname="test.bysix.ExerciseOneTest" time="0"/>
  <testcase name="testPrintNumbersWithMax0" classname="test.bysix.ExerciseOneTest" time="0"/>
</testsuite>